2025-03-26 20:58:51,547 - __main__ - INFO - Starting home heating oil price scraper
2025-03-26 20:58:51,547 - __main__ - INFO - Test mode: False
2025-03-26 20:58:51,547 - __main__ - INFO - Date: Today
2025-03-26 20:58:51,547 - __main__ - INFO - Using DuckDB: True
2025-03-26 20:58:51,547 - __main__ - INFO - Using PostgreSQL: True
2025-03-26 20:58:51,547 - scraper - INFO - Sending request to https://patriotdiscountoil.com/
Date: 20250326, PDO Price: 2.939
2025-03-26 20:58:52,031 - scraper - INFO - Date: 20250326, Found price: $2.939
2025-03-26 20:58:52,032 - __main__ - INFO - Successfully scraped oil price: 2.939
2025-03-26 20:58:52,032 - db_sqllog - INFO - Logged SQL to /home/map/dev/get_oil/logs/sql/: INSERT INTO  pdo_prices  (date, price, tmstmp) VALUE (None, 2.939, 2025-03-26 20:58:51.546991)
2025-03-26 20:58:52,032 - db_duckdb - INFO - DDB_SQL: INSERT INTO pdo_prices (date, price, tmstmp) VALUES (2025-03-26, 2.939, 2025-03-26 20:58:52.032321
2025-03-26 20:58:52,053 - db_duckdb - INFO - Updated price 2.939 for 2025-03-26 in DuckDB pdo_prices
2025-03-26 20:58:52,053 - db_sqllog - INFO - Logged SQL to /home/map/dev/get_oil/logs/sql/: UPDATE pdo_prices SET price = 2.939, tmstmp = CURRENT_TIMESTAMP WHERE date = 2025-03-26
2025-03-26 20:58:52,064 - __main__ - INFO - Successfully stored in DuckDB
2025-03-26 20:58:52,064 - db_ddb2pg - INFO - PGSQL: INSERT INTO pdo_prices (date, price, tmstmp) VALUES (2025-03-26, 2.939, 2025-03-26 20:58:52.064414
2025-03-26 20:58:52,163 - db_ddb2pg - INFO - Updated price 2.939 for 2025-03-26 in PosgreSQL pgsql_pdo.pdo_prices
2025-03-26 20:58:52,163 - db_sqllog - INFO - Logged SQL to /home/map/dev/get_oil/logs/sql/: UPDATE pdo_prices SET price = 2.939, tmstmp = CURRENT_TIMESTAMP WHERE date = 2025-03-26
2025-03-26 20:58:52,165 - __main__ - INFO - Successfully stored in PostgreSQL
2025-03-26 20:58:52,165 - __main__ - INFO - Oil price scraper completed successfully
2025-03-27 20:23:47,289 - __main__ - INFO - Starting home heating oil price scraper
2025-03-27 20:23:47,289 - __main__ - INFO - Test mode: False
2025-03-27 20:23:47,289 - __main__ - INFO - Date: Today
2025-03-27 20:23:47,289 - __main__ - INFO - Using DuckDB: True
2025-03-27 20:23:47,289 - __main__ - INFO - Using PostgreSQL: True
2025-03-27 20:23:47,290 - scraper - INFO - Sending request to https://patriotdiscountoil.com/
Date: 20250327, PDO Price: 2.939
2025-03-27 20:23:47,762 - scraper - INFO - Date: 20250327, Found price: $2.939
2025-03-27 20:23:47,764 - __main__ - INFO - Successfully scraped oil price: 2.939
2025-03-27 20:23:47,764 - db_sqllog - INFO - Logged SQL to /home/map/dev/get_oil/logs/sql/: INSERT INTO  pdo_prices  (date, price, tmstmp) VALUE (None, 2.939, 2025-03-27 20:23:47.289593)
2025-03-27 20:23:47,764 - db_duckdb - INFO - DDB_SQL: INSERT INTO pdo_prices (date, price, tmstmp) VALUES (2025-03-27, 2.939, 2025-03-27 20:23:47.764351
2025-03-27 20:23:47,777 - db_duckdb - ERROR - Error storing price in DuckDB: Invalid Input Error: Values were not provided for the following prepared statement parameters: 3
2025-03-27 20:23:47,777 - __main__ - ERROR - DuckDB storage failed: Database operation error: Invalid Input Error: Values were not provided for the following prepared statement parameters: 3
2025-03-27 20:32:00,643 - __main__ - INFO - Starting home heating oil price scraper
2025-03-27 20:32:00,643 - __main__ - INFO - Test mode: False
2025-03-27 20:32:00,643 - __main__ - INFO - Date: 2025-03-27
2025-03-27 20:32:00,644 - __main__ - INFO - Using DuckDB: True
2025-03-27 20:32:00,644 - __main__ - INFO - Using PostgreSQL: True
2025-03-27 20:32:00,644 - scraper - INFO - Sending request to https://patriotdiscountoil.com/
Date: 20250327, PDO Price: 2.939
2025-03-27 20:32:01,057 - scraper - INFO - Date: 20250327, Found price: $2.939
2025-03-27 20:32:01,057 - __main__ - INFO - Successfully scraped oil price: 2.939
2025-03-27 20:32:01,057 - db_sqllog - INFO - Logged SQL to /home/map/dev/get_oil/logs/sql/: INSERT INTO  pdo_prices  (date, price, tmstmp) VALUE (2025-03-27, 2.939, 2025-03-27 20:32:00.643778)
2025-03-27 20:32:01,057 - db_duckdb - INFO - DDB_SQL: INSERT INTO pdo_prices (date, price, tmstmp) VALUES (2025-03-27, 2.939, 2025-03-27 20:32:01.057658)
2025-03-27 20:32:01,070 - db_duckdb - ERROR - Error storing price in DuckDB: Invalid Input Error: Values were not provided for the following prepared statement parameters: 3
2025-03-27 20:32:01,070 - __main__ - ERROR - DuckDB storage failed: Database operation error: Invalid Input Error: Values were not provided for the following prepared statement parameters: 3
2025-03-27 20:41:59,994 - __main__ - INFO - Starting home heating oil price scraper
2025-03-27 20:41:59,994 - __main__ - INFO - Test mode: False
2025-03-27 20:41:59,994 - __main__ - INFO - Date: 2025-03-27
2025-03-27 20:41:59,994 - __main__ - INFO - Using DuckDB: True
2025-03-27 20:41:59,994 - __main__ - INFO - Using PostgreSQL: True
2025-03-27 20:41:59,994 - scraper - INFO - Sending request to https://patriotdiscountoil.com/
Date: 20250327, PDO Price: 2.939
2025-03-27 20:42:01,553 - scraper - INFO - Date: 20250327, Found price: $2.939
2025-03-27 20:42:01,553 - __main__ - INFO - Successfully scraped oil price: 2.939
2025-03-27 20:42:01,553 - db_sqllog - INFO - Logged SQL to /home/map/dev/get_oil/logs/sql/: INSERT INTO  pdo_prices  (date, price, tmstmp) VALUE (2025-03-27, 2.939, 2025-03-27 20:41:59.994437)
2025-03-27 20:42:01,553 - db_duckdb - INFO - DDB_SQL: INSERT INTO pdo_prices (date, price, tmstmp) VALUES (2025-03-27, 2.939, 2025-03-27 20:42:01.553961)
2025-03-27 20:42:01,566 - db_duckdb - ERROR - Error storing price in DuckDB: Binder Error: Table "pdo_prices" does not have a column with name "tmstamp"
2025-03-27 20:42:01,566 - __main__ - ERROR - DuckDB storage failed: Database operation error: Binder Error: Table "pdo_prices" does not have a column with name "tmstamp"
2025-03-27 20:45:22,464 - __main__ - INFO - Starting home heating oil price scraper
2025-03-27 20:45:22,464 - __main__ - INFO - Test mode: False
2025-03-27 20:45:22,464 - __main__ - INFO - Date: 2025-03-27
2025-03-27 20:45:22,464 - __main__ - INFO - Using DuckDB: True
2025-03-27 20:45:22,464 - __main__ - INFO - Using PostgreSQL: True
2025-03-27 20:45:22,464 - scraper - INFO - Sending request to https://patriotdiscountoil.com/
Date: 20250327, PDO Price: 2.939
2025-03-27 20:45:22,935 - scraper - INFO - Date: 20250327, Found price: $2.939
2025-03-27 20:45:22,935 - __main__ - INFO - Successfully scraped oil price: 2.939
2025-03-27 20:45:22,935 - db_sqllog - INFO - Logged SQL to /home/map/dev/get_oil/logs/sql/: INSERT INTO  pdo_prices  (date, price, tmstmp) VALUE (2025-03-27, 2.939, 2025-03-27 20:45:22.464769)
2025-03-27 20:45:22,936 - db_duckdb - INFO - DDB_SQL: INSERT INTO pdo_prices (date, price, tmstmp) VALUES (2025-03-27, 2.939, 2025-03-27 20:45:22.936008)
2025-03-27 20:45:22,956 - db_duckdb - INFO - Inserted price 2.939 for 2025-03-27 in DuckDB pdo_prices
2025-03-27 20:45:22,956 - db_sqllog - INFO - Logged SQL to /home/map/dev/get_oil/logs/sql/: INSERT INTO  pdo_prices  (date, price, tmstmp) VALUE (2025-03-27, 2.939, CURRENT_TIMESTAMP)
2025-03-27 20:45:22,968 - __main__ - INFO - Successfully stored in DuckDB
2025-03-27 20:45:22,968 - db_ddb2pg - INFO - PGSQL: INSERT INTO pdo_prices (date, price, tmstmp) VALUES (2025-03-27, 2.939, 2025-03-27 20:45:22.968246
2025-03-27 20:45:23,073 - db_ddb2pg - INFO - Inserted price 2.939 for 2025-03-27 in PosgreSQL pgsql_pdo.pdo_prices
2025-03-27 20:45:23,073 - db_sqllog - INFO - Logged SQL to /home/map/dev/get_oil/logs/sql/: INSERT INTO  pdo_prices  (date, price, tmstmp) VALUE (2025-03-27, 2.939, CURRENT_TIMESTAMP)
2025-03-27 20:45:23,075 - __main__ - INFO - Successfully stored in PostgreSQL
2025-03-27 20:45:23,075 - __main__ - INFO - Oil price scraper completed successfully
2025-03-27 20:50:01,934 - __main__ - INFO - Starting home heating oil price scraper
2025-03-27 20:50:01,934 - __main__ - INFO - Test mode: False
2025-03-27 20:50:01,934 - __main__ - INFO - Date: 2025-03-27
2025-03-27 20:50:01,934 - __main__ - INFO - Using DuckDB: True
2025-03-27 20:50:01,934 - __main__ - INFO - Using PostgreSQL: True
2025-03-27 20:50:01,934 - scraper - INFO - Sending request to https://patriotdiscountoil.com/
Date: 20250327, PDO Price: 2.939
2025-03-27 20:50:02,368 - scraper - INFO - Date: 20250327, Found price: $2.939
2025-03-27 20:50:02,368 - __main__ - INFO - Successfully scraped oil price: 2.939
2025-03-27 20:50:02,369 - db_sqllog - INFO - Logged SQL to /home/map/dev/get_oil/logs/sql/: INSERT INTO  pdo_prices  (date, price, tmstmp) VALUE (2025-03-27, 2.939, 2025-03-27 20:50:01.934506)
2025-03-27 20:50:02,369 - db_duckdb - INFO - DDB_SQL: INSERT INTO pdo_prices (date, price, tmstmp) VALUES (2025-03-27, 2.939, 2025-03-27 20:50:02.369090)
2025-03-27 20:50:02,389 - db_duckdb - INFO - Updated price 2.939 for 2025-03-27 in DuckDB pdo_prices
2025-03-27 20:50:02,390 - db_sqllog - INFO - Logged SQL to /home/map/dev/get_oil/logs/sql/: UPDATE pdo_prices SET price = 2.939, tmstmp = CURRENT_TIMESTAMP WHERE date = 2025-03-27
2025-03-27 20:50:02,402 - __main__ - INFO - Successfully stored in DuckDB
2025-03-27 20:50:02,402 - db_ddb2pg - INFO - PGSQL: INSERT INTO pdo_prices (date, price, tmstmp) VALUES (2025-03-27, 2.939, 2025-03-27 20:50:02.402246
2025-03-27 20:50:02,511 - db_ddb2pg - INFO - Updated price 2.939 for 2025-03-27 in PosgreSQL pgsql_pdo.pdo_prices
2025-03-27 20:50:02,511 - db_sqllog - INFO - Logged SQL to /home/map/dev/get_oil/logs/sql/: UPDATE pdo_prices SET price = 2.939, tmstmp = CURRENT_TIMESTAMP WHERE date = 2025-03-27
2025-03-27 20:50:02,513 - __main__ - INFO - Successfully stored in PostgreSQL
2025-03-27 20:50:02,513 - __main__ - INFO - Oil price scraper completed successfully
2025-03-27 20:58:11,069 - __main__ - INFO - Starting home heating oil price scraper
2025-03-27 20:58:11,069 - __main__ - INFO - Test mode: False
2025-03-27 20:58:11,069 - __main__ - INFO - Date: 2025-03-27
2025-03-27 20:58:11,069 - __main__ - INFO - Using DuckDB: True
2025-03-27 20:58:11,069 - __main__ - INFO - Using PostgreSQL: True
2025-03-27 20:58:11,069 - scraper - INFO - Sending request to https://patriotdiscountoil.com/
Date: 20250327, PDO Price: 2.939
2025-03-27 20:58:11,543 - scraper - INFO - Date: 20250327, Found price: $2.939
2025-03-27 20:58:11,544 - __main__ - INFO - Successfully scraped oil price: 2.939
2025-03-27 20:58:11,544 - db_sqllog - INFO - Logged SQL to /home/map/dev/get_oil/logs/sql/: INSERT INTO  pdo_prices  (date, price, tmstmp) VALUE (2025-03-27, 2.939, 2025-03-27 20:58:11.069476)
2025-03-27 20:58:11,544 - db_duckdb - INFO - DDB_SQL: INSERT INTO pdo_prices (date, price, tmstmp) VALUES (2025-03-27, 2.939, 2025-03-27 20:58:11.544404)
2025-03-27 20:58:11,563 - db_duckdb - INFO - Updated price 2.939 for 2025-03-27 in DuckDB pdo_prices
2025-03-27 20:58:11,563 - db_sqllog - INFO - Logged SQL to /home/map/dev/get_oil/logs/sql/: UPDATE pdo_prices SET price = 2.939, tmstmp = CURRENT_TIMESTAMP WHERE date = 2025-03-27
2025-03-27 20:58:11,576 - __main__ - INFO - Successfully stored in DuckDB
2025-03-27 20:58:11,576 - db_ddb2pg - INFO - PGSQL: INSERT INTO pdo_prices (date, price, tmstmp) VALUES (2025-03-27, 2.939, 2025-03-27 20:58:11.576774
2025-03-27 20:58:11,691 - db_ddb2pg - INFO - Updated price 2.939 for 2025-03-27 in PosgreSQL pgsql_pdo.pdo_prices
2025-03-27 20:58:11,691 - db_sqllog - INFO - Logged SQL to /home/map/dev/get_oil/logs/sql/: UPDATE pdo_prices SET price = 2.939, tmstmp = CURRENT_TIMESTAMP WHERE date = 2025-03-27
2025-03-27 20:58:11,693 - __main__ - INFO - Successfully stored in PostgreSQL
2025-03-27 20:58:11,693 - __main__ - INFO - Oil price scraper completed successfully
2025-03-27 21:00:43,027 - __main__ - INFO - Starting home heating oil price scraper
2025-03-27 21:00:43,027 - __main__ - INFO - Test mode: False
2025-03-27 21:00:43,027 - __main__ - INFO - Date: 2025-03-27
2025-03-27 21:00:43,027 - __main__ - INFO - Using DuckDB: True
2025-03-27 21:00:43,027 - __main__ - INFO - Using PostgreSQL: True
2025-03-27 21:00:43,027 - scraper - INFO - Sending request to https://patriotdiscountoil.com/
Date: 20250327, PDO Price: 2.939
2025-03-27 21:00:43,484 - scraper - INFO - Date: 20250327, Found price: $2.939
2025-03-27 21:00:43,485 - __main__ - INFO - Successfully scraped oil price: 2.939
2025-03-27 21:00:43,485 - db_sqllog - INFO - Logged SQL to /home/map/dev/get_oil/logs/sql/: INSERT INTO  pdo_prices  (date, price, tmstmp) VALUE (2025-03-27, 2.939, 2025-03-27 21:00:43.027246)
2025-03-27 21:00:43,485 - db_duckdb - INFO - DDB_SQL: INSERT INTO pdo_prices (date, price, tmstmp) VALUES (2025-03-27, 2.939, 2025-03-27 21:00:43.485789)
2025-03-27 21:00:43,505 - db_duckdb - INFO - Updated price 2.939 for 2025-03-27 in DuckDB pdo_prices
2025-03-27 21:00:43,505 - db_sqllog - INFO - Logged SQL to /home/map/dev/get_oil/logs/sql/: UPDATE pdo_prices SET price = 2.939, tmstmp = CURRENT_TIMESTAMP WHERE date = 2025-03-27
2025-03-27 21:00:43,516 - __main__ - INFO - Successfully stored in DuckDB
2025-03-27 21:00:43,516 - db_ddb2pg - INFO - PGSQL: INSERT INTO pdo_prices (date, price, tmstmp) VALUES (2025-03-27, 2.939, 2025-03-27 21:00:43.516483
2025-03-27 21:00:43,626 - db_ddb2pg - INFO - Updated price 2.939 for 2025-03-27 in PosgreSQL pgsql_pdo.pdo_prices
2025-03-27 21:00:43,626 - db_sqllog - INFO - Logged SQL to /home/map/dev/get_oil/logs/sql/: UPDATE pdo_prices SET price = 2.939, tmstmp = CURRENT_TIMESTAMP WHERE date = 2025-03-27
2025-03-27 21:00:43,627 - __main__ - INFO - Successfully stored in PostgreSQL
2025-03-27 21:00:43,628 - __main__ - INFO - Oil price scraper completed successfully
